10:48:08.081  571  [http-nio-8080-exec-2] INFO  com.zaxxer.hikari.HikariDataSource - HikariPool-1 - Starting...
10:48:08.442  932  [http-nio-8080-exec-2] INFO  com.zaxxer.hikari.HikariDataSource - HikariPool-1 - Start completed.
10:48:37.939  367  [main] INFO  com.zaxxer.hikari.HikariDataSource - HikariPool-1 - Starting...
10:48:38.312  740  [main] INFO  com.zaxxer.hikari.HikariDataSource - HikariPool-1 - Start completed.
10:48:53.269  302  [main] INFO  com.zaxxer.hikari.HikariDataSource - HikariPool-1 - Starting...
10:48:53.610  643  [main] INFO  com.zaxxer.hikari.HikariDataSource - HikariPool-1 - Start completed.
10:52:37.162  354  [main] INFO  com.zaxxer.hikari.HikariDataSource - HikariPool-1 - Starting...
10:52:37.488  680  [main] INFO  com.zaxxer.hikari.HikariDataSource - HikariPool-1 - Start completed.
10:53:30.849  3311 [http-nio-8080-exec-2] INFO  com.zaxxer.hikari.HikariDataSource - HikariPool-1 - Starting...
10:53:31.334  3796 [http-nio-8080-exec-2] INFO  com.zaxxer.hikari.HikariDataSource - HikariPool-1 - Start completed.
08:53:39.671  1172 [http-nio-8080-exec-7] INFO  com.zaxxer.hikari.HikariDataSource - HikariPool-2 - Starting...
08:53:39.944  1445 [http-nio-8080-exec-7] INFO  com.zaxxer.hikari.HikariDataSource - HikariPool-2 - Start completed.
10:57:24.019  379  [main] INFO  com.zaxxer.hikari.HikariDataSource - HikariPool-1 - Starting...
10:57:24.325  685  [main] INFO  com.zaxxer.hikari.HikariDataSource - HikariPool-1 - Start completed.
10:58:10.614  417  [main] INFO  com.zaxxer.hikari.HikariDataSource - HikariPool-1 - Starting...
10:58:10.969  772  [main] INFO  com.zaxxer.hikari.HikariDataSource - HikariPool-1 - Start completed.
11:00:25.305  470  [main] INFO  com.zaxxer.hikari.HikariDataSource - HikariPool-1 - Starting...
11:00:25.634  799  [main] INFO  com.zaxxer.hikari.HikariDataSource - HikariPool-1 - Start completed.
11:04:53.850  385  [main] INFO  com.zaxxer.hikari.HikariDataSource - HikariPool-1 - Starting...
11:04:54.175  710  [main] INFO  com.zaxxer.hikari.HikariDataSource - HikariPool-1 - Start completed.
11:35:45.545  302  [main] INFO  com.zaxxer.hikari.HikariDataSource - HikariPool-1 - Starting...
11:35:45.715  472  [main] INFO  com.zaxxer.hikari.pool.PoolBase - HikariPool-1 - Driver does not support get/set network timeout for connections. (Receiver class org.h2.jdbc.JdbcConnection does not define or inherit an implementation of the resolved method abstract getNetworkTimeout()I of interface java.sql.Connection.)
11:35:45.718  475  [main] INFO  com.zaxxer.hikari.HikariDataSource - HikariPool-1 - Start completed.
11:37:07.698  330  [main] INFO  com.zaxxer.hikari.HikariDataSource - HikariPool-1 - Starting...
11:37:07.906  538  [main] INFO  com.zaxxer.hikari.pool.PoolBase - HikariPool-1 - Driver does not support get/set network timeout for connections. (Receiver class org.h2.jdbc.JdbcConnection does not define or inherit an implementation of the resolved method abstract getNetworkTimeout()I of interface java.sql.Connection.)
11:37:07.909  541  [main] INFO  com.zaxxer.hikari.HikariDataSource - HikariPool-1 - Start completed.
11:42:00.382  314  [main] INFO  com.zaxxer.hikari.HikariDataSource - HikariPool-1 - Starting...
11:42:00.566  498  [main] INFO  com.zaxxer.hikari.pool.PoolBase - HikariPool-1 - Driver does not support get/set network timeout for connections. (Receiver class org.h2.jdbc.JdbcConnection does not define or inherit an implementation of the resolved method abstract getNetworkTimeout()I of interface java.sql.Connection.)
11:42:00.569  501  [main] INFO  com.zaxxer.hikari.HikariDataSource - HikariPool-1 - Start completed.
11:46:48.078  291  [main] INFO  com.zaxxer.hikari.HikariDataSource - HikariPool-1 - Starting...
11:46:48.277  490  [main] INFO  com.zaxxer.hikari.pool.PoolBase - HikariPool-1 - Driver does not support get/set network timeout for connections. (Receiver class org.h2.jdbc.JdbcConnection does not define or inherit an implementation of the resolved method abstract getNetworkTimeout()I of interface java.sql.Connection.)
11:46:48.280  493  [main] INFO  com.zaxxer.hikari.HikariDataSource - HikariPool-1 - Start completed.
11:47:49.908  374  [main] INFO  com.zaxxer.hikari.HikariDataSource - HikariPool-1 - Starting...
11:47:50.113  579  [main] INFO  com.zaxxer.hikari.pool.PoolBase - HikariPool-1 - Driver does not support get/set network timeout for connections. (Receiver class org.h2.jdbc.JdbcConnection does not define or inherit an implementation of the resolved method abstract getNetworkTimeout()I of interface java.sql.Connection.)
11:47:50.134  600  [main] INFO  com.zaxxer.hikari.HikariDataSource - HikariPool-1 - Start completed.
16:53:19.479  313  [main] INFO  com.zaxxer.hikari.HikariDataSource - HikariPool-1 - Starting...
16:53:19.677  511  [main] INFO  com.zaxxer.hikari.pool.PoolBase - HikariPool-1 - Driver does not support get/set network timeout for connections. (Receiver class org.h2.jdbc.JdbcConnection does not define or inherit an implementation of the resolved method abstract getNetworkTimeout()I of interface java.sql.Connection.)
16:53:19.681  515  [main] INFO  com.zaxxer.hikari.HikariDataSource - HikariPool-1 - Start completed.
16:53:20.056  890  [main] ERROR back.dao.CompanyDAO - Column "IDNAME" not found; SQL statement:
SELECT idname, name FROM company [42122-166]
16:53:20.078  912  [main] ERROR back.dao.CompanyDAO - Column "IDNAME" not found; SQL statement:
SELECT idname, name FROM company WHERE company.id = ? [42122-166]
16:53:20.092  926  [main] ERROR back.dao.CompanyDAO - Column "IDNAME" not found; SQL statement:
SELECT idname, name FROM company WHERE company.id = ? [42122-166]
16:53:20.106  940  [main] ERROR back.dao.CompanyDAO - Column "IDNAME" not found; SQL statement:
SELECT idname, name FROM company WHERE company.id = ? [42122-166]
16:55:21.912  342  [main] INFO  com.zaxxer.hikari.HikariDataSource - HikariPool-1 - Starting...
16:55:22.077  507  [main] INFO  com.zaxxer.hikari.pool.PoolBase - HikariPool-1 - Driver does not support get/set network timeout for connections. (Receiver class org.h2.jdbc.JdbcConnection does not define or inherit an implementation of the resolved method abstract getNetworkTimeout()I of interface java.sql.Connection.)
16:55:22.080  510  [main] INFO  com.zaxxer.hikari.HikariDataSource - HikariPool-1 - Start completed.
